[2015-02-01 16:15:38 INFO]:[photon ERROR]Error trying to receive. Exception: System.Net.Sockets.SocketException: 远程主机强迫关闭了一个现有的连接。

  at System.Net.Sockets.Socket.Receive (System.Byte[] buffer) [0x00000] in <filename unknown>:0 
  at ExitGames.Client.Photon.NConnect.Run () [0x00000] in <filename unknown>:0 
[2015-02-01 16:15:38 INFO]:[photon OFF]PeerStatusCallback: Exception
[2015-02-01 16:15:38 INFO]:[photon OFF]PeerStatusCallback: Disconnect
[2015-02-01 16:15:42 INFO]:正在尝试登陆服务器[127.0.0.1:5055]...
[2015-02-01 16:15:42 INFO]:[photon ERROR]Error trying to receive. Exception: System.Net.Sockets.SocketException: 远程主机强迫关闭了一个现有的连接。

  at System.Net.Sockets.Socket.Receive (System.Byte[] buffer) [0x00000] in <filename unknown>:0 
  at ExitGames.Client.Photon.NConnect.Run () [0x00000] in <filename unknown>:0 
[2015-02-01 16:15:42 INFO]:[photon OFF]PeerStatusCallback: Exception
[2015-02-01 16:15:42 INFO]:[photon OFF]PeerStatusCallback: Disconnect
[2015-02-01 16:17:13 INFO]:正在尝试登陆服务器[127.0.0.1:5055]...
[2015-02-01 16:20:29 INFO]:正在尝试登陆服务器[127.0.0.1:5055]...
[2015-02-01 16:21:23 INFO]:正在尝试登陆服务器[127.0.0.1:5055]...
[2015-02-01 16:21:24 INFO]:正在尝试登陆服务器[127.0.0.1:5055]...
[2015-02-01 16:21:24 INFO]:正在尝试登陆服务器[127.0.0.1:5055]...
[2015-02-01 16:21:25 INFO]:正在尝试登陆服务器[127.0.0.1:5055]...
[2015-02-01 16:33:15 INFO]:读取服务器列表出错
[2015-02-01 16:35:09 INFO]:读取服务器列表出错
[2015-02-01 16:35:52 INFO]:读取服务器列表出错
[2015-02-01 21:27:15 INFO]:创建小消息窗口中....
[2015-02-01 21:28:47 INFO]:创建小消息窗口中....
[2015-02-01 21:29:01 INFO]:创建小消息窗口中....
[2015-02-01 21:30:26 INFO]:创建小消息窗口中....
[2015-02-01 21:30:44 INFO]:创建小消息窗口中....
[2015-02-01 21:37:05 INFO]:创建小消息窗口中....
[2015-02-01 21:37:39 INFO]:创建小消息窗口中....
[2015-02-01 21:37:41 INFO]:创建小消息窗口中....
[2015-02-01 21:39:06 INFO]:创建小消息窗口中....
[2015-02-01 21:40:56 INFO]:创建小消息窗口中....
[2015-02-01 21:41:11 INFO]:创建小消息窗口中....
[2015-02-01 21:41:21 INFO]:创建小消息窗口中....
[2015-02-01 21:41:23 INFO]:创建小消息窗口中....
[2015-02-01 21:41:35 INFO]:创建小消息窗口中....
[2015-02-01 21:41:45 INFO]:创建小消息窗口中....
[2015-02-01 21:47:59 INFO]:创建小消息窗口中....
[2015-02-01 21:51:58 INFO]:创建小消息窗口中....
[2015-02-01 21:52:21 INFO]:创建小消息窗口中....
[2015-02-01 21:52:30 INFO]:创建小消息窗口中....
[2015-02-01 21:59:10 INFO]:创建小消息窗口中....
[2015-02-01 22:02:07 INFO]:创建小消息窗口中....
[2015-02-01 22:02:16 INFO]:创建小消息窗口中....
[2015-02-01 22:02:32 INFO]:创建小消息窗口中....
[2015-02-01 22:03:50 INFO]:创建小消息窗口中....
[2015-02-01 22:04:15 INFO]:创建小消息窗口中....
[2015-02-01 22:05:01 INFO]:创建小消息窗口中....
[2015-02-01 22:15:50 INFO]:创建小消息窗口中....
[2015-02-01 22:16:28 INFO]:创建小消息窗口中....
[2015-02-01 22:17:33 INFO]:创建小消息窗口中....
[2015-02-01 22:17:48 INFO]:创建小消息窗口中....
[2015-02-01 22:27:03 INFO]:创建小消息窗口中....
[2015-02-01 22:27:12 INFO]:创建小消息窗口中....
[2015-02-01 22:28:05 INFO]:创建小消息窗口中....
[2015-02-01 22:28:48 INFO]:创建小消息窗口中....
[2015-02-01 22:29:01 INFO]:创建小消息窗口中....
[2015-02-01 22:29:11 INFO]:创建小消息窗口中....
[2015-02-01 22:30:00 INFO]:创建小消息窗口中....
[2015-02-01 22:33:06 INFO]:创建小消息窗口中....
[2015-02-01 22:33:34 INFO]:创建小消息窗口中....
[2015-02-01 22:33:53 INFO]:创建小消息窗口中....
[2015-02-01 22:34:02 INFO]:创建小消息窗口中....
[2015-02-01 22:34:19 INFO]:创建小消息窗口中....
[2015-02-01 22:34:26 INFO]:创建小消息窗口中....
[2015-02-01 22:34:30 INFO]:创建小消息窗口中....
[2015-02-01 22:34:52 INFO]:创建小消息窗口中....
[2015-02-01 22:36:55 INFO]:创建小消息窗口中....
[2015-02-01 22:37:17 INFO]:创建小消息窗口中....
[2015-02-01 22:37:22 INFO]:正在尝试登陆服务器[127.0.0.1:5055]...
[2015-02-01 22:37:22 INFO]:[photon ERROR]Error trying to receive. Exception: System.Net.Sockets.SocketException: 远程主机强迫关闭了一个现有的连接。

  at System.Net.Sockets.Socket.Receive (System.Byte[] buffer) [0x00000] in <filename unknown>:0 
  at ExitGames.Client.Photon.NConnect.Run () [0x00000] in <filename unknown>:0 
[2015-02-01 22:37:22 INFO]:[photon OFF]服务器连接状态返回: Exception
[2015-02-01 22:37:22 INFO]:[photon OFF]服务器连接状态返回: Disconnect
[2015-02-01 22:37:32 INFO]:正在尝试登陆服务器[127.0.0.1:5055]...
[2015-02-01 22:37:32 INFO]:[photon ERROR]Error trying to receive. Exception: System.Net.Sockets.SocketException: 远程主机强迫关闭了一个现有的连接。

  at System.Net.Sockets.Socket.Receive (System.Byte[] buffer) [0x00000] in <filename unknown>:0 
  at ExitGames.Client.Photon.NConnect.Run () [0x00000] in <filename unknown>:0 
[2015-02-01 22:37:32 INFO]:[photon OFF]服务器连接状态返回: Exception
[2015-02-01 22:37:32 INFO]:[photon OFF]服务器连接状态返回: Disconnect
[2015-02-01 22:37:34 INFO]:正在尝试登陆服务器[127.0.0.1:5055]...
[2015-02-01 22:37:34 INFO]:[photon ERROR]Error trying to receive. Exception: System.Net.Sockets.SocketException: 远程主机强迫关闭了一个现有的连接。

  at System.Net.Sockets.Socket.Receive (System.Byte[] buffer) [0x00000] in <filename unknown>:0 
  at ExitGames.Client.Photon.NConnect.Run () [0x00000] in <filename unknown>:0 
[2015-02-01 22:37:34 INFO]:[photon OFF]服务器连接状态返回: Exception
[2015-02-01 22:37:34 INFO]:[photon OFF]服务器连接状态返回: Disconnect
