[2015-02-08 22:18:52 INFO]:创建小消息窗口中....
[2015-02-08 22:18:52 INFO]:姝ｅ湪灏濊瘯鐧婚檰鏈嶅姟鍣╗127.0.0.1:23333]...
[2015-02-08 22:18:52 INFO]:姝ｅ湪鐩戝惉鏈嶅姟鍣ㄥ搷搴擁..
[2015-02-08 22:25:03 INFO]:创建小消息窗口中....
[2015-02-08 22:25:03 INFO]:姝ｅ湪灏濊瘯鐧婚檰鏈嶅姟鍣╗127.0.0.1:23333]...
[2015-02-08 22:25:03 INFO]:姝ｅ湪鐩戝惉鏈嶅姟鍣ㄥ搷搴擁..
[2015-02-08 22:25:11 INFO]:姝ｅ湪灏濊瘯鐧婚檰鏈嶅姟鍣╗127.0.0.1:23333]...
[2015-02-08 22:25:11 INFO]:姝ｅ湪鐩戝惉鏈嶅姟鍣ㄥ搷搴擁..
[2015-02-08 22:25:35 INFO]:姝ｅ湪灏濊瘯鐧婚檰鏈嶅姟鍣╗127.0.0.1:23333]...
[2015-02-08 22:25:35 INFO]:姝ｅ湪鐩戝惉鏈嶅姟鍣ㄥ搷搴擁..
[2015-02-08 22:28:55 INFO]:测试
[2015-02-08 22:28:55 INFO]:测试
[2015-02-08 22:28:55 INFO]:测试
[2015-02-08 22:28:55 INFO]:测试
[2015-02-08 22:28:55 INFO]:测试
[2015-02-08 22:28:55 INFO]:测试
[2015-02-08 22:28:55 INFO]:测试
[2015-02-08 22:28:55 INFO]:测试
[2015-02-08 22:28:55 INFO]:测试
[2015-02-08 22:28:55 INFO]:测试
[2015-02-08 22:28:55 INFO]:测试
[2015-02-08 22:28:55 INFO]:测试
[2015-02-08 22:28:55 INFO]:测试
[2015-02-08 22:28:55 INFO]:测试
[2015-02-08 22:28:55 INFO]:测试
[2015-02-08 22:28:55 INFO]:测试
[2015-02-08 22:28:55 INFO]:测试
[2015-02-08 22:28:55 INFO]:测试
[2015-02-08 22:28:55 INFO]:测试
[2015-02-08 22:28:55 INFO]:测试
[2015-02-08 22:28:55 INFO]:测试
[2015-02-08 22:28:55 INFO]:测试
[2015-02-08 22:28:55 INFO]:测试
[2015-02-08 22:28:55 INFO]:测试
[2015-02-08 22:28:55 INFO]:测试
[2015-02-08 22:28:55 INFO]:测试
[2015-02-08 22:28:55 INFO]:测试
[2015-02-08 22:28:55 INFO]:测试
[2015-02-08 22:28:56 INFO]:测试
[2015-02-08 22:28:56 INFO]:测试
[2015-02-08 22:28:56 INFO]:测试
[2015-02-08 22:28:56 INFO]:测试
[2015-02-08 22:28:56 INFO]:测试
[2015-02-08 22:28:56 INFO]:测试
[2015-02-08 22:28:56 INFO]:测试
[2015-02-08 22:28:56 INFO]:测试
[2015-02-08 22:28:56 INFO]:测试
[2015-02-08 22:28:56 INFO]:测试
[2015-02-08 22:28:56 INFO]:测试
[2015-02-08 22:28:56 INFO]:测试
[2015-02-08 22:28:56 INFO]:测试
[2015-02-08 22:28:56 INFO]:测试
[2015-02-08 22:28:56 INFO]:测试
[2015-02-08 22:28:56 INFO]:测试
[2015-02-08 22:28:56 INFO]:测试
[2015-02-08 22:28:56 INFO]:测试
[2015-02-08 22:28:56 INFO]:测试
[2015-02-08 22:28:56 INFO]:测试
[2015-02-08 22:28:56 INFO]:测试
[2015-02-08 22:28:56 INFO]:测试
[2015-02-08 22:28:56 INFO]:测试
[2015-02-08 22:28:56 INFO]:测试
[2015-02-08 22:28:56 INFO]:测试
[2015-02-08 22:28:56 INFO]:测试
[2015-02-08 22:28:56 INFO]:测试
[2015-02-08 22:28:56 INFO]:测试
[2015-02-08 22:28:56 INFO]:测试
[2015-02-08 22:28:56 INFO]:测试
[2015-02-08 22:28:56 INFO]:测试
[2015-02-08 22:28:56 INFO]:测试
[2015-02-08 22:28:56 INFO]:测试
[2015-02-08 22:28:56 INFO]:测试
[2015-02-08 22:28:56 INFO]:测试
[2015-02-08 22:28:56 INFO]:测试
[2015-02-08 22:28:56 INFO]:测试
[2015-02-08 22:28:56 INFO]:测试
[2015-02-08 22:28:56 INFO]:测试
[2015-02-08 22:28:56 INFO]:测试
[2015-02-08 22:28:56 INFO]:测试
[2015-02-08 22:28:56 INFO]:测试
[2015-02-08 22:28:56 INFO]:测试
[2015-02-08 22:28:56 INFO]:测试
[2015-02-08 22:28:56 INFO]:测试
[2015-02-08 22:28:56 INFO]:测试
[2015-02-08 22:28:56 INFO]:测试
[2015-02-08 22:28:56 INFO]:测试
[2015-02-08 22:28:56 INFO]:测试
[2015-02-08 22:28:56 INFO]:测试
[2015-02-08 22:28:56 INFO]:测试
[2015-02-08 22:28:56 INFO]:测试
[2015-02-08 22:28:56 INFO]:测试
[2015-02-08 22:28:56 INFO]:测试
[2015-02-08 22:28:56 INFO]:测试
[2015-02-08 22:28:56 INFO]:测试
[2015-02-08 22:28:56 INFO]:测试
[2015-02-08 22:28:56 INFO]:测试
[2015-02-08 22:28:56 INFO]:测试
[2015-02-08 22:28:56 INFO]:测试
[2015-02-08 22:28:57 INFO]:测试
[2015-02-08 22:28:57 INFO]:测试
[2015-02-08 22:28:57 INFO]:测试
[2015-02-08 22:28:57 INFO]:测试
[2015-02-08 22:28:57 INFO]:测试
[2015-02-08 22:28:57 INFO]:测试
[2015-02-08 22:28:57 INFO]:测试
[2015-02-08 22:28:57 INFO]:测试
[2015-02-08 22:28:57 INFO]:测试
[2015-02-08 22:28:57 INFO]:测试
[2015-02-08 22:28:57 INFO]:测试
[2015-02-08 22:28:57 INFO]:测试
[2015-02-08 22:28:57 INFO]:测试
[2015-02-08 22:28:57 INFO]:测试
[2015-02-08 22:28:57 INFO]:测试
[2015-02-08 22:28:57 INFO]:测试
[2015-02-08 22:28:57 INFO]:测试
[2015-02-08 22:28:57 INFO]:测试
[2015-02-08 22:28:57 INFO]:测试
[2015-02-08 22:28:57 INFO]:测试
[2015-02-08 22:28:57 INFO]:测试
[2015-02-08 22:28:57 INFO]:测试
[2015-02-08 22:28:57 INFO]:测试
[2015-02-08 22:28:57 INFO]:测试
[2015-02-08 22:28:57 INFO]:测试
[2015-02-08 22:28:57 INFO]:测试
[2015-02-08 22:28:57 INFO]:测试
[2015-02-08 22:28:57 INFO]:测试
[2015-02-08 22:28:57 INFO]:测试
[2015-02-08 22:28:57 INFO]:测试
[2015-02-08 22:28:57 INFO]:测试
[2015-02-08 22:28:57 INFO]:测试
[2015-02-08 22:28:57 INFO]:测试
[2015-02-08 22:28:57 INFO]:测试
[2015-02-08 22:28:57 INFO]:测试
[2015-02-08 22:28:57 INFO]:测试
[2015-02-08 22:28:57 INFO]:测试
[2015-02-08 22:28:57 INFO]:测试
[2015-02-08 22:28:57 INFO]:测试
[2015-02-08 22:28:57 INFO]:测试
[2015-02-08 22:28:57 INFO]:测试
[2015-02-08 22:28:57 INFO]:测试
[2015-02-08 22:28:57 INFO]:测试
[2015-02-08 22:28:57 INFO]:测试
[2015-02-08 22:28:57 INFO]:测试
[2015-02-08 22:28:57 INFO]:测试
[2015-02-08 22:28:57 INFO]:测试
[2015-02-08 22:28:57 INFO]:测试
[2015-02-08 22:28:57 INFO]:测试
[2015-02-08 22:28:57 INFO]:测试
[2015-02-08 22:28:57 INFO]:测试
[2015-02-08 22:28:57 INFO]:测试
[2015-02-08 22:28:57 INFO]:测试
[2015-02-08 22:28:57 INFO]:测试
[2015-02-08 22:28:57 INFO]:测试
[2015-02-08 22:28:57 INFO]:测试
[2015-02-08 22:28:57 INFO]:测试
[2015-02-08 22:28:57 INFO]:测试
[2015-02-08 22:28:57 INFO]:测试
[2015-02-08 22:28:58 INFO]:测试
[2015-02-08 22:28:58 INFO]:测试
[2015-02-08 22:28:58 INFO]:测试
[2015-02-08 22:28:58 INFO]:测试
[2015-02-08 22:28:58 INFO]:测试
[2015-02-08 22:28:58 INFO]:测试
[2015-02-08 22:28:58 INFO]:测试
[2015-02-08 22:28:58 INFO]:测试
[2015-02-08 22:28:58 INFO]:测试
[2015-02-08 22:28:58 INFO]:测试
[2015-02-08 22:28:58 INFO]:测试
[2015-02-08 22:28:58 INFO]:测试
[2015-02-08 22:28:58 INFO]:测试
[2015-02-08 22:28:58 INFO]:测试
[2015-02-08 22:28:58 INFO]:测试
[2015-02-08 22:28:58 INFO]:测试
[2015-02-08 22:28:58 INFO]:测试
[2015-02-08 22:28:58 INFO]:测试
[2015-02-08 22:28:58 INFO]:测试
[2015-02-08 22:28:58 INFO]:测试
[2015-02-08 22:28:58 INFO]:测试
[2015-02-08 22:28:58 INFO]:测试
[2015-02-08 22:28:58 INFO]:测试
[2015-02-08 22:28:58 INFO]:测试
[2015-02-08 22:28:58 INFO]:测试
[2015-02-08 22:28:58 INFO]:测试
[2015-02-08 22:28:58 INFO]:测试
[2015-02-08 22:28:58 INFO]:测试
[2015-02-08 22:28:58 INFO]:测试
[2015-02-08 22:28:58 INFO]:测试
[2015-02-08 22:28:58 INFO]:测试
[2015-02-08 22:28:58 INFO]:测试
[2015-02-08 22:28:58 INFO]:测试
[2015-02-08 22:28:58 INFO]:测试
[2015-02-08 22:28:58 INFO]:测试
[2015-02-08 22:28:58 INFO]:测试
[2015-02-08 22:28:58 INFO]:测试
[2015-02-08 22:28:58 INFO]:测试
[2015-02-08 22:28:58 INFO]:测试
[2015-02-08 22:28:58 INFO]:测试
[2015-02-08 22:28:58 INFO]:测试
[2015-02-08 22:28:58 INFO]:测试
[2015-02-08 22:28:58 INFO]:测试
[2015-02-08 22:28:58 INFO]:测试
[2015-02-08 22:28:58 INFO]:测试
[2015-02-08 22:28:58 INFO]:测试
[2015-02-08 22:31:26 INFO]:创建小消息窗口中....
[2015-02-08 22:31:26 INFO]:姝ｅ湪灏濊瘯鐧婚檰鏈嶅姟鍣╗127.0.0.1:23333]...
[2015-02-08 22:31:26 INFO]:姝ｅ湪鐩戝惉鏈嶅姟鍣ы..
[2015-02-08 22:31:29 INFO]:姝ｅ湪灏濊瘯鐧婚檰鏈嶅姟鍣╗127.0.0.1:23333]...
[2015-02-08 22:31:29 INFO]:姝ｅ湪鐩戝惉鏈嶅姟鍣ы..
[2015-02-08 22:31:30 INFO]:姝ｅ湪灏濊瘯鐧婚檰鏈嶅姟鍣╗127.0.0.1:23333]...
[2015-02-08 22:31:30 INFO]:姝ｅ湪鐩戝惉鏈嶅姟鍣ы..
[2015-02-08 22:31:30 INFO]:姝ｅ湪灏濊瘯鐧婚檰鏈嶅姟鍣╗127.0.0.1:23333]...
[2015-02-08 22:31:30 INFO]:姝ｅ湪鐩戝惉鏈嶅姟鍣ы..
[2015-02-08 22:31:30 INFO]:姝ｅ湪灏濊瘯鐧婚檰鏈嶅姟鍣╗127.0.0.1:23333]...
[2015-02-08 22:31:30 INFO]:姝ｅ湪鐩戝惉鏈嶅姟鍣ы..
[2015-02-08 22:31:30 INFO]:姝ｅ湪灏濊瘯鐧婚檰鏈嶅姟鍣╗127.0.0.1:23333]...
[2015-02-08 22:31:30 INFO]:姝ｅ湪鐩戝惉鏈嶅姟鍣ы..
[2015-02-08 22:31:30 INFO]:姝ｅ湪灏濊瘯鐧婚檰鏈嶅姟鍣╗127.0.0.1:23333]...
[2015-02-08 22:31:30 INFO]:姝ｅ湪鐩戝惉鏈嶅姟鍣ы..
[2015-02-08 22:31:31 INFO]:姝ｅ湪灏濊瘯鐧婚檰鏈嶅姟鍣╗localhost:23333]...
[2015-02-08 22:31:31 INFO]:姝ｅ湪鐩戝惉鏈嶅姟鍣ы..
[2015-02-08 22:31:31 INFO]:姝ｅ湪灏濊瘯鐧婚檰鏈嶅姟鍣╗localhost:23333]...
[2015-02-08 22:31:31 INFO]:姝ｅ湪鐩戝惉鏈嶅姟鍣ы..
[2015-02-08 22:31:31 INFO]:姝ｅ湪灏濊瘯鐧婚檰鏈嶅姟鍣╗localhost:23333]...
[2015-02-08 22:31:31 INFO]:姝ｅ湪鐩戝惉鏈嶅姟鍣ы..
[2015-02-08 22:31:31 INFO]:姝ｅ湪灏濊瘯鐧婚檰鏈嶅姟鍣╗localhost:23333]...
[2015-02-08 22:31:31 INFO]:姝ｅ湪鐩戝惉鏈嶅姟鍣ы..
[2015-02-08 22:31:32 INFO]:姝ｅ湪灏濊瘯鐧婚檰鏈嶅姟鍣╗localhost:23333]...
[2015-02-08 22:31:32 INFO]:姝ｅ湪鐩戝惉鏈嶅姟鍣ы..
[2015-02-08 22:31:32 INFO]:姝ｅ湪灏濊瘯鐧婚檰鏈嶅姟鍣╗localhost:23333]...
[2015-02-08 22:31:32 INFO]:姝ｅ湪鐩戝惉鏈嶅姟鍣ы..
[2015-02-08 22:31:32 INFO]:姝ｅ湪灏濊瘯鐧婚檰鏈嶅姟鍣╗localhost:23333]...
[2015-02-08 22:31:32 INFO]:姝ｅ湪鐩戝惉鏈嶅姟鍣ы..
[2015-02-08 22:33:24 INFO]:创建小消息窗口中....
[2015-02-08 22:33:24 INFO]:姝ｅ湪灏濊瘯鐧婚檰鏈嶅姟鍣╗127.0.0.1:23333]...
[2015-02-08 22:33:24 INFO]:姝ｅ湪鐩戝惉鏈嶅姟鍣ы..
[2015-02-08 22:34:08 INFO]:创建小消息窗口中....
[2015-02-08 22:34:08 INFO]:姝ｅ湪灏濊瘯鐧婚檰鏈嶅姟鍣╗127.0.0.1:23333]...
[2015-02-08 22:34:08 INFO]:姝ｅ湪鐩戝惉鏈嶅姟鍣ы..
[2015-02-08 22:34:42 INFO]:创建小消息窗口中....
[2015-02-08 22:34:42 INFO]:姝ｅ湪灏濊瘯鐧婚檰鏈嶅姟鍣╗127.0.0.1:23333]...
[2015-02-08 22:34:42 INFO]:姝ｅ湪鐩戝惉鏈嶅姟鍣ы..
[2015-02-08 22:34:44 INFO]:姝ｅ湪灏濊瘯鐧婚檰鏈嶅姟鍣╗127.0.0.1:23333]...
[2015-02-08 22:34:44 INFO]:姝ｅ湪鐩戝惉鏈嶅姟鍣ы..
[2015-02-08 22:34:56 INFO]:创建小消息窗口中....
[2015-02-08 22:34:56 INFO]:姝ｅ湪灏濊瘯鐧婚檰鏈嶅姟鍣╗127.0.0.1:23333]...
[2015-02-08 22:34:56 INFO]:姝ｅ湪鐩戝惉鏈嶅姟鍣ы..
[2015-02-08 22:34:57 INFO]:姝ｅ湪灏濊瘯鐧婚檰鏈嶅姟鍣╗127.0.0.1:23333]...
[2015-02-08 22:34:57 INFO]:姝ｅ湪鐩戝惉鏈嶅姟鍣ы..
[2015-02-08 22:34:59 INFO]:姝ｅ湪灏濊瘯鐧婚檰鏈嶅姟鍣╗127.0.0.1:23333]...
[2015-02-08 22:34:59 INFO]:姝ｅ湪鐩戝惉鏈嶅姟鍣ы..
[2015-02-08 22:35:00 INFO]:姝ｅ湪灏濊瘯鐧婚檰鏈嶅姟鍣╗127.0.0.1:23333]...
[2015-02-08 22:35:00 INFO]:姝ｅ湪鐩戝惉鏈嶅姟鍣ы..
[2015-02-08 22:35:00 INFO]:姝ｅ湪灏濊瘯鐧婚檰鏈嶅姟鍣╗127.0.0.1:23333]...
[2015-02-08 22:35:00 INFO]:姝ｅ湪鐩戝惉鏈嶅姟鍣ы..
[2015-02-08 22:35:00 INFO]:姝ｅ湪灏濊瘯鐧婚檰鏈嶅姟鍣╗127.0.0.1:23333]...
[2015-02-08 22:35:00 INFO]:姝ｅ湪鐩戝惉鏈嶅姟鍣ы..
[2015-02-08 22:35:00 INFO]:姝ｅ湪灏濊瘯鐧婚檰鏈嶅姟鍣╗127.0.0.1:23333]...
[2015-02-08 22:35:00 INFO]:姝ｅ湪鐩戝惉鏈嶅姟鍣ы..
[2015-02-08 22:35:01 INFO]:姝ｅ湪灏濊瘯鐧婚檰鏈嶅姟鍣╗127.0.0.1:23333]...
[2015-02-08 22:35:01 INFO]:姝ｅ湪鐩戝惉鏈嶅姟鍣ы..
[2015-02-08 22:35:02 INFO]:姝ｅ湪灏濊瘯鐧婚檰鏈嶅姟鍣╗127.0.0.1:23333]...
[2015-02-08 22:35:02 INFO]:姝ｅ湪鐩戝惉鏈嶅姟鍣ы..
[2015-02-08 22:35:03 INFO]:姝ｅ湪灏濊瘯鐧婚檰鏈嶅姟鍣╗127.0.0.1:23333]...
[2015-02-08 22:35:03 INFO]:姝ｅ湪鐩戝惉鏈嶅姟鍣ы..
[2015-02-08 22:35:18 INFO]:创建小消息窗口中....
[2015-02-08 22:35:18 INFO]:姝ｅ湪灏濊瘯鐧婚檰鏈嶅姟鍣╗127.0.0.1:23333]...
[2015-02-08 22:35:18 INFO]:姝ｅ湪鐩戝惉鏈嶅姟鍣ы..
[2015-02-08 22:35:18 INFO]:姝ｅ湪灏濊瘯鐧婚檰鏈嶅姟鍣╗127.0.0.1:23333]...
[2015-02-08 22:35:18 INFO]:姝ｅ湪鐩戝惉鏈嶅姟鍣ы..
[2015-02-08 22:35:19 INFO]:姝ｅ湪灏濊瘯鐧婚檰鏈嶅姟鍣╗127.0.0.1:23333]...
[2015-02-08 22:35:19 INFO]:姝ｅ湪鐩戝惉鏈嶅姟鍣ы..
[2015-02-08 22:35:19 INFO]:姝ｅ湪灏濊瘯鐧婚檰鏈嶅姟鍣╗127.0.0.1:23333]...
[2015-02-08 22:35:19 INFO]:姝ｅ湪鐩戝惉鏈嶅姟鍣ы..
[2015-02-08 22:35:19 INFO]:姝ｅ湪灏濊瘯鐧婚檰鏈嶅姟鍣╗127.0.0.1:23333]...
[2015-02-08 22:35:19 INFO]:姝ｅ湪鐩戝惉鏈嶅姟鍣ы..
[2015-02-08 22:35:19 INFO]:姝ｅ湪灏濊瘯鐧婚檰鏈嶅姟鍣╗127.0.0.1:23333]...
[2015-02-08 22:35:19 INFO]:姝ｅ湪鐩戝惉鏈嶅姟鍣ы..
[2015-02-08 22:35:20 INFO]:姝ｅ湪灏濊瘯鐧婚檰鏈嶅姟鍣╗127.0.0.1:23333]...
[2015-02-08 22:35:20 INFO]:姝ｅ湪鐩戝惉鏈嶅姟鍣ы..
[2015-02-08 22:35:48 INFO]:创建小消息窗口中....
[2015-02-08 22:35:48 INFO]:姝ｅ湪灏濊瘯鐧婚檰鏈嶅姟鍣╗127.0.0.1:23333]...
[2015-02-08 22:35:48 INFO]:姝ｅ湪鐩戝惉鏈嶅姟鍣ы..
[2015-02-08 22:35:49 INFO]:姝ｅ湪灏濊瘯鐧婚檰鏈嶅姟鍣╗127.0.0.1:23333]...
[2015-02-08 22:35:50 INFO]:姝ｅ湪鐩戝惉鏈嶅姟鍣ы..
[2015-02-08 22:45:44 INFO]:创建小消息窗口中....
[2015-02-08 22:45:44 INFO]:姝ｅ湪灏濊瘯鐧婚檰鏈嶅姟鍣╗127.0.0.1:23333]...
[2015-02-08 22:45:44 INFO]:姝ｅ湪鐩戝惉鏈嶅姟鍣ы..
[2015-02-08 22:45:45 INFO]:姝ｅ湪灏濊瘯鐧婚檰鏈嶅姟鍣╗127.0.0.1:23333]...
[2015-02-08 22:45:45 INFO]:姝ｅ湪鐩戝惉鏈嶅姟鍣ы..
[2015-02-08 22:48:07 INFO]:创建小消息窗口中....
[2015-02-08 22:48:07 INFO]:鍒涘缓灏忔秷鎭?獥鍙ｄ腑[127.0.0.1:23333]...
[2015-02-08 22:48:07 INFO]:姝ｅ湪鐩戝惉鏈嶅姟鍣ы..
[2015-02-08 22:48:08 INFO]:鍒涘缓灏忔秷鎭?獥鍙ｄ腑[127.0.0.1:23333]...
[2015-02-08 22:48:08 INFO]:姝ｅ湪鐩戝惉鏈嶅姟鍣ы..
[2015-02-08 22:51:12 INFO]:创建小消息窗口中....
[2015-02-08 22:51:12 INFO]:鍒涘缓灏忔秷鎭?獥鍙ｄ腑[127.0.0.1:23333]...
[2015-02-08 22:51:12 INFO]:姝ｅ湪鐩戝惉鏈嶅姟鍣ы..
[2015-02-08 22:51:13 INFO]:鍒涘缓灏忔秷鎭?獥鍙ｄ腑[127.0.0.1:23333]...
[2015-02-08 22:51:13 INFO]:姝ｅ湪鐩戝惉鏈嶅姟鍣ы..
[2015-02-08 22:52:51 INFO]:创建小消息窗口中....
[2015-02-08 22:52:51 INFO]:鍒涘缓灏忔秷鎭?獥鍙ｄ腑[127.0.0.1:23333]...
[2015-02-08 22:52:51 INFO]:姝ｅ湪鐩戝惉鏈嶅姟鍣ы..
[2015-02-08 22:53:00 INFO]:鍒涘缓灏忔秷鎭?獥鍙ｄ腑[127.0.0.1:23333]...
[2015-02-08 22:53:00 INFO]:姝ｅ湪鐩戝惉鏈嶅姟鍣ы..
[2015-02-08 22:53:01 INFO]:鍒涘缓灏忔秷鎭?獥鍙ｄ腑[127.0.0.1:23333]...
[2015-02-08 22:53:01 INFO]:姝ｅ湪鐩戝惉鏈嶅姟鍣ы..
[2015-02-08 22:53:01 INFO]:鍒涘缓灏忔秷鎭?獥鍙ｄ腑[127.0.0.1:23333]...
[2015-02-08 22:53:01 INFO]:姝ｅ湪鐩戝惉鏈嶅姟鍣ы..
[2015-02-08 22:53:36 INFO]:创建小消息窗口中....
[2015-02-08 22:53:36 INFO]:鍒涘缓灏忔秷鎭?獥鍙ｄ腑[127.0.0.1:23333]...
[2015-02-08 22:53:36 INFO]:姝ｅ湪鐩戝惉鏈嶅姟鍣ы..
[2015-02-08 22:53:37 INFO]:鍒涘缓灏忔秷鎭?獥鍙ｄ腑[127.0.0.1:23333]...
[2015-02-08 22:53:37 INFO]:姝ｅ湪鐩戝惉鏈嶅姟鍣ы..
[2015-02-08 22:54:58 INFO]:创建小消息窗口中....
[2015-02-08 22:57:13 INFO]:创建小消息窗口中....
[2015-02-08 22:57:36 INFO]:创建小消息窗口中....
[2015-02-08 23:01:44 INFO]:创建小消息窗口中....
[2015-02-08 23:03:01 INFO]:创建小消息窗口中....
