[2015-02-04 13:22:23 INFO]:创建小消息窗口中....
[2015-02-04 14:31:31 INFO]:创建小消息窗口中....
[2015-02-04 14:31:31 INFO]:正在尝试登陆服务器[127.0.0.1:5055]...
[2015-02-04 14:31:31 INFO]:[photon ERROR]Error trying to receive. Exception: System.Net.Sockets.SocketException: 远程主机强迫关闭了一个现有的连接。

  at System.Net.Sockets.Socket.Receive (System.Byte[] buffer) [0x00000] in <filename unknown>:0 
  at ExitGames.Client.Photon.NConnect.Run () [0x00000] in <filename unknown>:0 
[2015-02-04 14:31:31 INFO]:[photon OFF]服务器连接状态返回: Exception
[2015-02-04 14:31:31 INFO]:[photon OFF]服务器连接状态返回: Disconnect
[2015-02-04 14:31:32 INFO]:正在尝试登陆服务器[127.0.0.1:5055]...
[2015-02-04 14:31:32 INFO]:[photon ERROR]Error trying to receive. Exception: System.Net.Sockets.SocketException: 远程主机强迫关闭了一个现有的连接。

  at System.Net.Sockets.Socket.Receive (System.Byte[] buffer) [0x00000] in <filename unknown>:0 
  at ExitGames.Client.Photon.NConnect.Run () [0x00000] in <filename unknown>:0 
[2015-02-04 14:31:32 INFO]:[photon OFF]服务器连接状态返回: Exception
[2015-02-04 14:31:32 INFO]:[photon OFF]服务器连接状态返回: Disconnect
[2015-02-04 14:31:32 INFO]:正在尝试登陆服务器[127.0.0.1:5055]...
[2015-02-04 14:31:32 INFO]:[photon ERROR]Error trying to receive. Exception: System.Net.Sockets.SocketException: 远程主机强迫关闭了一个现有的连接。

  at System.Net.Sockets.Socket.Receive (System.Byte[] buffer) [0x00000] in <filename unknown>:0 
  at ExitGames.Client.Photon.NConnect.Run () [0x00000] in <filename unknown>:0 
[2015-02-04 14:31:32 INFO]:[photon OFF]服务器连接状态返回: Exception
[2015-02-04 14:31:32 INFO]:[photon OFF]服务器连接状态返回: Disconnect
[2015-02-04 14:31:32 INFO]:正在尝试登陆服务器[127.0.0.1:5055]...
[2015-02-04 14:31:32 INFO]:[photon ERROR]Error trying to receive. Exception: System.Net.Sockets.SocketException: 远程主机强迫关闭了一个现有的连接。

  at System.Net.Sockets.Socket.Receive (System.Byte[] buffer) [0x00000] in <filename unknown>:0 
  at ExitGames.Client.Photon.NConnect.Run () [0x00000] in <filename unknown>:0 
[2015-02-04 14:31:32 INFO]:[photon OFF]服务器连接状态返回: Exception
[2015-02-04 14:31:32 INFO]:[photon OFF]服务器连接状态返回: Disconnect
[2015-02-04 14:31:33 INFO]:正在尝试登陆服务器[localhost:5055]...
[2015-02-04 14:31:33 INFO]:[photon ERROR]Error trying to receive. Exception: System.Net.Sockets.SocketException: 远程主机强迫关闭了一个现有的连接。

  at System.Net.Sockets.Socket.Receive (System.Byte[] buffer) [0x00000] in <filename unknown>:0 
  at ExitGames.Client.Photon.NConnect.Run () [0x00000] in <filename unknown>:0 
[2015-02-04 14:31:33 INFO]:[photon OFF]服务器连接状态返回: Exception
[2015-02-04 14:31:33 INFO]:[photon OFF]服务器连接状态返回: Disconnect
[2015-02-04 14:31:33 INFO]:正在尝试登陆服务器[localhost:5055]...
[2015-02-04 14:31:33 INFO]:[photon ERROR]Error trying to receive. Exception: System.Net.Sockets.SocketException: 远程主机强迫关闭了一个现有的连接。

  at System.Net.Sockets.Socket.Receive (System.Byte[] buffer) [0x00000] in <filename unknown>:0 
  at ExitGames.Client.Photon.NConnect.Run () [0x00000] in <filename unknown>:0 
[2015-02-04 14:31:33 INFO]:[photon OFF]服务器连接状态返回: Exception
[2015-02-04 14:31:33 INFO]:[photon OFF]服务器连接状态返回: Disconnect
[2015-02-04 14:37:06 INFO]:创建小消息窗口中....
[2015-02-04 14:37:06 INFO]:正在尝试登陆服务器[127.0.0.1:5055]...
[2015-02-04 14:37:06 INFO]:[photon ERROR]Error trying to receive. Exception: System.Net.Sockets.SocketException: 远程主机强迫关闭了一个现有的连接。

  at System.Net.Sockets.Socket.Receive (System.Byte[] buffer) [0x00000] in <filename unknown>:0 
  at ExitGames.Client.Photon.NConnect.Run () [0x00000] in <filename unknown>:0 
[2015-02-04 14:37:06 INFO]:[photon OFF]服务器连接状态返回: Exception
[2015-02-04 14:37:06 INFO]:[photon OFF]服务器连接状态返回: Disconnect
[2015-02-04 14:37:57 INFO]:创建小消息窗口中....
[2015-02-04 14:37:57 INFO]:正在尝试登陆服务器[127.0.0.1:5055]...
[2015-02-04 14:37:57 INFO]:[photon ERROR]Error trying to receive. Exception: System.Net.Sockets.SocketException: 远程主机强迫关闭了一个现有的连接。

  at System.Net.Sockets.Socket.Receive (System.Byte[] buffer) [0x00000] in <filename unknown>:0 
  at ExitGames.Client.Photon.NConnect.Run () [0x00000] in <filename unknown>:0 
[2015-02-04 14:37:57 INFO]:[photon OFF]服务器连接状态返回: Exception
[2015-02-04 14:37:57 INFO]:[photon OFF]服务器连接状态返回: Disconnect
[2015-02-04 14:38:30 INFO]:创建小消息窗口中....
[2015-02-04 14:38:30 INFO]:正在尝试登陆服务器[localhost:5055]...
[2015-02-04 14:38:30 INFO]:[photon ERROR]Error trying to receive. Exception: System.Net.Sockets.SocketException: 远程主机强迫关闭了一个现有的连接。

  at System.Net.Sockets.Socket.Receive (System.Byte[] buffer) [0x00000] in <filename unknown>:0 
  at ExitGames.Client.Photon.NConnect.Run () [0x00000] in <filename unknown>:0 
[2015-02-04 14:38:30 INFO]:[photon OFF]服务器连接状态返回: Exception
[2015-02-04 14:38:30 INFO]:[photon OFF]服务器连接状态返回: Disconnect
[2015-02-04 14:38:31 INFO]:正在尝试登陆服务器[localhost:5055]...
[2015-02-04 14:38:31 INFO]:[photon ERROR]Error trying to receive. Exception: System.Net.Sockets.SocketException: 远程主机强迫关闭了一个现有的连接。

  at System.Net.Sockets.Socket.Receive (System.Byte[] buffer) [0x00000] in <filename unknown>:0 
  at ExitGames.Client.Photon.NConnect.Run () [0x00000] in <filename unknown>:0 
[2015-02-04 14:38:31 INFO]:[photon OFF]服务器连接状态返回: Exception
[2015-02-04 14:38:31 INFO]:[photon OFF]服务器连接状态返回: Disconnect
[2015-02-04 14:38:32 INFO]:正在尝试登陆服务器[127.0.0.1:5055]...
[2015-02-04 14:38:32 INFO]:[photon ERROR]Error trying to receive. Exception: System.Net.Sockets.SocketException: 远程主机强迫关闭了一个现有的连接。

  at System.Net.Sockets.Socket.Receive (System.Byte[] buffer) [0x00000] in <filename unknown>:0 
  at ExitGames.Client.Photon.NConnect.Run () [0x00000] in <filename unknown>:0 
[2015-02-04 14:38:32 INFO]:[photon OFF]服务器连接状态返回: Exception
[2015-02-04 14:38:32 INFO]:[photon OFF]服务器连接状态返回: Disconnect
[2015-02-04 16:25:45 INFO]:创建小消息窗口中....
[2015-02-04 16:25:45 INFO]:正在尝试登陆服务器[127.0.0.1:5055]...
[2015-02-04 16:25:45 INFO]:[photon OFF]服务器连接状态返回: Connect
[2015-02-04 16:27:00 INFO]:创建小消息窗口中....
[2015-02-04 16:27:00 INFO]:正在尝试登陆服务器[127.0.0.1:5055]...
[2015-02-04 16:27:00 INFO]:[photon OFF]服务器连接状态返回: Connect
[2015-02-04 16:28:02 INFO]:创建小消息窗口中....
[2015-02-04 16:28:02 INFO]:正在尝试登陆服务器[127.0.0.1:5055]...
[2015-02-04 16:28:02 INFO]:[photon OFF]服务器连接状态返回: Connect
[2015-02-04 16:31:59 INFO]:创建小消息窗口中....
[2015-02-04 16:31:59 INFO]:正在尝试登陆服务器[127.0.0.1:5055]...
[2015-02-04 16:31:59 INFO]:[photon OFF]服务器连接状态返回: Connect
[2015-02-04 16:32:07 INFO]:正在尝试登陆服务器[127.0.0.1:5055]...
[2015-02-04 16:32:07 INFO]:[photon OFF]服务器连接状态返回: Connect
[2015-02-04 16:32:18 INFO]:正在尝试登陆服务器[127.0.0.1:5055]...
[2015-02-04 16:32:18 INFO]:[photon OFF]服务器连接状态返回: Connect
[2015-02-04 16:32:20 INFO]:正在尝试登陆服务器[127.0.0.1:5055]...
[2015-02-04 16:32:20 INFO]:[photon OFF]服务器连接状态返回: Connect
[2015-02-04 16:32:21 INFO]:正在尝试登陆服务器[127.0.0.1:5055]...
[2015-02-04 16:32:21 INFO]:[photon OFF]服务器连接状态返回: Connect
[2015-02-04 16:32:22 INFO]:正在尝试登陆服务器[127.0.0.1:5055]...
[2015-02-04 16:32:22 INFO]:[photon OFF]服务器连接状态返回: Connect
[2015-02-04 16:32:28 INFO]:正在尝试登陆服务器[127.0.0.1:5055]...
[2015-02-04 16:32:28 INFO]:[photon OFF]服务器连接状态返回: Connect
[2015-02-04 22:01:01 INFO]:创建小消息窗口中....
[2015-02-04 22:01:01 INFO]:正在尝试登陆服务器[127.0.0.1:5055]...
[2015-02-04 22:01:02 INFO]:[photon ERROR]Error trying to receive. Exception: System.Net.Sockets.SocketException: 远程主机强迫关闭了一个现有的连接。

  at System.Net.Sockets.Socket.Receive (System.Byte[] buffer) [0x00000] in <filename unknown>:0 
  at ExitGames.Client.Photon.NConnect.Run () [0x00000] in <filename unknown>:0 
[2015-02-04 22:01:02 INFO]:[photon OFF]服务器连接状态返回: Exception
[2015-02-04 22:01:02 INFO]:[photon OFF]服务器连接状态返回: Disconnect
[2015-02-04 22:44:49 INFO]:创建小消息窗口中....
[2015-02-04 22:44:49 INFO]:正在尝试登陆服务器[127.0.0.1:5055]...
[2015-02-04 22:44:49 INFO]:[photon OFF]服务器连接状态返回: Connect
